<?xml version="1.0" encoding="UTF-8"?>
<!-- Generated by org.testng.reporters.JUnitReportReporter -->
<testsuite skipped="0" hostname="SRISHA-TRASI" name="JenkinsSel.MyFirstJen" tests="1" failures="0" timestamp="19 Jun 2019 10:48:49 GMT" time="34.919" errors="0">
  <testcase name="login" time="34.919" classname="JenkinsSel.MyFirstJen"/>
</testsuite> <!-- JenkinsSel.MyFirstJen -->
